
Nov 06, 2023 11:29:25.900 NEW SESSION
Nov 06, 2023 11:29:25.900 [7900:4472:1106/112925.894:ERROR:CONSOLE(1)] "Request Emulation.setEmitTouchEventsForMouse failed. {"code":-32601,"message":"'Emulation.setEmitTouchEventsForMouse' wasn't found"}", source: devtools://devtools/bundled/devtools-frontend/front_end/core/protocol_client/protocol_client.js (1)

Nov 07, 2023 14:46:41.533 NEW SESSION
Nov 07, 2023 14:46:41.533 INFO: Created TensorFlow Lite XNNPACK delegate for CPU.

Nov 08, 2023 12:51:45.682 NEW SESSION
Nov 08, 2023 12:51:45.686 [2620:3024:1108/125145.642:ERROR:connection_factory_impl.cc(471)] ConnectionHandler failed with net error: -2
Nov 08, 2023 12:53:50.105 [2620:3024:1108/125350.104:ERROR:connection_factory_impl.cc(428)] Failed to connect to MCS endpoint with error -106

Nov 13, 2023 15:11:46.32 NEW SESSION
Nov 13, 2023 15:11:46.32 INFO: Created TensorFlow Lite XNNPACK delegate for CPU.
Nov 13, 2023 15:11:46.33 WARNING: Attempting to use a delegate that only supports static-sized tensors with a graph that has dynamic-sized tensors (tensor#56 is a dynamic-sized tensor).

Nov 15, 2023 13:41:38.414 NEW SESSION
Nov 15, 2023 13:41:38.414 [10648:2484:1115/134138.408:ERROR:connection_factory_impl.cc(471)] ConnectionHandler failed with net error: -2
Nov 15, 2023 13:59:36.742 [10648:2484:1115/135936.741:ERROR:connection_factory_impl.cc(428)] Failed to connect to MCS endpoint with error -106

Nov 16, 2023 13:33:16.535 NEW SESSION
Nov 16, 2023 13:33:16.535 [4864:8508:1116/133316.522:ERROR:connection_factory_impl.cc(471)] ConnectionHandler failed with net error: -2
Nov 16, 2023 14:01:22.683 [4864:8508:1116/140122.682:ERROR:connection_factory_impl.cc(428)] Failed to connect to MCS endpoint with error -106
Nov 16, 2023 14:45:46.974 [4864:1792:1116/144546.973:ERROR:interface_endpoint_client.cc(702)] Message 0 rejected by interface blink.mojom.WidgetHost
Nov 16, 2023 15:18:01.334 [4864:8508:1116/151801.333:ERROR:connection_factory_impl.cc(471)] ConnectionHandler failed with net error: -2
Nov 16, 2023 16:26:07.467 [4864:1792:1116/162607.466:ERROR:device_event_log_impl.cc(192)] [16:26:07.466] USB: usb_service_win.cc:104 SetupDiGetDeviceProperty({{A45C254E-DF1C-4EFD-8020-67D146A850E0}, 6}) failed: Element not found. (0x490)
Nov 16, 2023 16:26:07.483 [4864:1792:1116/162607.483:ERROR:device_event_log_impl.cc(192)] [16:26:07.483] USB: usb_service_win.cc:307 SetupDiEnumDeviceInterfaces: No more data is available. (0x103)

Nov 20, 2023 09:24:55.698 NEW SESSION
Nov 20, 2023 09:24:55.699 INFO: Created TensorFlow Lite XNNPACK delegate for CPU.
Nov 20, 2023 09:37:56.112 [11080:10092:1120/093756.111:ERROR:block_files.cc(109)] Failing CreateMapBlock
Nov 20, 2023 09:37:56.112 [11080:10092:1120/093756.111:ERROR:backend_impl.cc(567)] Create entry failed Chrome/119.0.6045.160-----x86_64:BiAOgAOAAAcAgIgLBIABCAaA////////////////////fwAAAAAAAAAA6AAAAAAIAAAAQMgAAAA=
Nov 20, 2023 09:37:56.113 [11080:10276:1120/093756.111:ERROR:gpu_disk_cache.cc(216)] Failed to create blob cache entry: -2
Nov 20, 2023 09:54:59.715 [11080:10092:1120/095459.714:ERROR:block_files.cc(109)] Failing CreateMapBlock
Nov 20, 2023 09:54:59.715 [11080:10092:1120/095459.714:ERROR:backend_impl.cc(567)] Create entry failed Chrome/119.0.6045.160-----x86_64:BgAOgAOAAAcAgIgLBIABCAaA////////////////////fwAAAAAAAACAysB2qgEfAAAAgENAAACEAAAAAAAAAABAAAAAQIY4BAQAQAgAAAAAAAAAAAQAAACsCIQAAAAAAAAAAEAAAACADUEIAAAAAAAAAAAMAAAArAgAQAAAAAANAYQMAAAAAAAAAKwIAEAAAAAADQGEDAAAAAAAAACsCABAAAAAAA0BhAwAAAAAAAAA6AAAAAAIAAAAQMgAAAAA
Nov 20, 2023 09:54:59.716 [11080:10276:1120/095459.714:ERROR:gpu_disk_cache.cc(216)] Failed to create blob cache entry: -2
Nov 20, 2023 13:39:23.372 [11080:9796:1120/133923.370:ERROR:connection_factory_impl.cc(471)] ConnectionHandler failed with net error: -2
Nov 20, 2023 13:43:02.56 [11080:9796:1120/134302.055:ERROR:connection_factory_impl.cc(428)] Failed to connect to MCS endpoint with error -106
Nov 20, 2023 13:43:24.514 [11080:9796:1120/134324.513:ERROR:connection_factory_impl.cc(428)] Failed to connect to MCS endpoint with error -106
Nov 20, 2023 13:44:10.796 [11080:9796:1120/134410.796:ERROR:connection_factory_impl.cc(428)] Failed to connect to MCS endpoint with error -106

Nov 21, 2023 09:51:40.122 NEW SESSION
Nov 21, 2023 09:51:40.122 [10688:11100:1121/095140.119:ERROR:device_event_log_impl.cc(192)] [09:51:40.119] USB: usb_service_win.cc:104 SetupDiGetDeviceProperty({{A45C254E-DF1C-4EFD-8020-67D146A850E0}, 6}) failed: Element not found. (0x490)

Dec 05, 2023 12:47:03.718 NEW SESSION
Dec 05, 2023 12:47:03.718 [2324:6684:1205/124703.715:ERROR:connection_factory_impl.cc(471)] ConnectionHandler failed with net error: -2
Dec 05, 2023 12:57:21.447 [2324:6684:1205/125721.446:ERROR:connection_factory_impl.cc(428)] Failed to connect to MCS endpoint with error -105
Dec 05, 2023 12:57:22.933 [2324:6684:1205/125722.933:ERROR:connection_factory_impl.cc(428)] Failed to connect to MCS endpoint with error -105
Dec 05, 2023 12:57:26.271 [2324:6684:1205/125726.270:ERROR:connection_factory_impl.cc(428)] Failed to connect to MCS endpoint with error -105
Dec 05, 2023 13:16:54.525 [2324:10616:1205/131654.525:ERROR:device_event_log_impl.cc(192)] [13:16:54.524] USB: usb_service_win.cc:104 SetupDiGetDeviceProperty({{A45C254E-DF1C-4EFD-8020-67D146A850E0}, 6}) failed: Element not found. (0x490)
Dec 05, 2023 13:16:54.539 [2324:10616:1205/131654.539:ERROR:device_event_log_impl.cc(192)] [13:16:54.538] USB: usb_service_win.cc:307 SetupDiEnumDeviceInterfaces: No more data is available. (0x103)
Dec 05, 2023 13:40:36.655 [2324:10616:1205/134036.655:ERROR:device_event_log_impl.cc(192)] [13:40:36.654] USB: usb_service_win.cc:104 SetupDiGetDeviceProperty({{A45C254E-DF1C-4EFD-8020-67D146A850E0}, 6}) failed: Element not found. (0x490)
Dec 05, 2023 13:40:36.663 [2324:10616:1205/134036.663:ERROR:device_event_log_impl.cc(192)] [13:40:36.662] USB: usb_service_win.cc:307 SetupDiEnumDeviceInterfaces: No more data is available. (0x103)
Dec 05, 2023 13:44:47.878 [2324:6684:1205/134447.878:ERROR:connection_factory_impl.cc(471)] ConnectionHandler failed with net error: -2
Dec 05, 2023 13:48:01.239 [2324:6684:1205/134801.239:ERROR:connection_factory_impl.cc(428)] Failed to connect to MCS endpoint with error -106
Dec 05, 2023 13:48:02.796 [2324:6684:1205/134802.795:ERROR:connection_factory_impl.cc(428)] Failed to connect to MCS endpoint with error -105
Dec 05, 2023 13:48:06.270 [2324:6684:1205/134806.270:ERROR:connection_factory_impl.cc(428)] Failed to connect to MCS endpoint with error -105
Dec 05, 2023 14:03:09.227 [2324:10616:1205/140309.226:ERROR:usb_descriptors.cc(161)] Device descriptor parsing error.
Dec 05, 2023 14:03:09.228 [2324:10616:1205/140309.227:ERROR:device_event_log_impl.cc(192)] [14:03:09.227] USB: usb_device_win.cc:95 Failed to read descriptors from \\?\usb#vid_1c4f&pid_0002#5&17bde8d1&0&3#{a5dcbf10-6530-11d2-901f-00c04fb951ed}.
Dec 05, 2023 14:03:09.640 [2324:10616:1205/140309.640:ERROR:device_event_log_impl.cc(192)] [14:03:09.639] USB: usb_service_win.cc:104 SetupDiGetDeviceProperty({{A45C254E-DF1C-4EFD-8020-67D146A850E0}, 6}) failed: Element not found. (0x490)
Dec 05, 2023 14:03:09.663 [2324:10616:1205/140309.663:ERROR:device_event_log_impl.cc(192)] [14:03:09.662] USB: usb_service_win.cc:307 SetupDiEnumDeviceInterfaces: No more data is available. (0x103)
